<?xml version="1.0" encoding="UTF-8"?>
<!-- Generated by org.testng.reporters.JUnitReportReporter -->
<testsuite skipped="0" hostname="arkas-MacBook-Pro.local" name="com.HttpClientPost.qa.TestCase.HttpClientPostMethodTest" tests="1" failures="0" timestamp="02 Jun 2018 03:53:08 GMT" time="1.754" errors="0">
  <testcase name="PostMethodWithHeadersTest" time="1.754" classname="com.HttpClientPost.qa.TestCase.HttpClientPostMethodTest"/>
</testsuite> <!-- com.HttpClientPost.qa.TestCase.HttpClientPostMethodTest -->
